-------------------------------------------------------------------------------
Test set: com.example.TestDemo
-------------------------------------------------------------------------------
Tests run: 11, Failures: 0, Errors: 11, Skipped: 0, Time elapsed: 14.413 s <<< FAILURE! - in com.example.TestDemo
publishOrder  Time elapsed: 0.008 s  <<< ERROR!
java.lang.IllegalStateException: Failed to load ApplicationContext
Caused by: org.springframework.beans.factory.BeanCreationException: 
Error creating bean with name 'requestMappingHandlerMapping' defined in class path resource [org/springframework/boot/autoconfigure/web/servlet/WebMvcAutoConfiguration$EnableWebMvcConfiguration.class]: Invocation of init method failed; nested exception is java.lang.IllegalStateException: Ambiguous mapping. Cannot map 'ordersController' method 
com.example.controller.OrdersController#selectAllUnAccept(Orders)
to {GET [/orders/selectAll]}: There is already 'ordersController' bean method
com.example.controller.OrdersController#selectAll(Orders) mapped.
Caused by: java.lang.IllegalStateException: 
Ambiguous mapping. Cannot map 'ordersController' method 
com.example.controller.OrdersController#selectAllUnAccept(Orders)
to {GET [/orders/selectAll]}: There is already 'ordersController' bean method
com.example.controller.OrdersController#selectAll(Orders) mapped.

volunteerFinish  Time elapsed: 0 s  <<< ERROR!
java.lang.IllegalStateException: Failed to load ApplicationContext
Caused by: org.springframework.beans.factory.BeanCreationException: 
Error creating bean with name 'requestMappingHandlerMapping' defined in class path resource [org/springframework/boot/autoconfigure/web/servlet/WebMvcAutoConfiguration$EnableWebMvcConfiguration.class]: Invocation of init method failed; nested exception is java.lang.IllegalStateException: Ambiguous mapping. Cannot map 'ordersController' method 
com.example.controller.OrdersController#selectAllUnAccept(Orders)
to {GET [/orders/selectAll]}: There is already 'ordersController' bean method
com.example.controller.OrdersController#selectAll(Orders) mapped.
Caused by: java.lang.IllegalStateException: 
Ambiguous mapping. Cannot map 'ordersController' method 
com.example.controller.OrdersController#selectAllUnAccept(Orders)
to {GET [/orders/selectAll]}: There is already 'ordersController' bean method
com.example.controller.OrdersController#selectAll(Orders) mapped.

volunteerFinishOrder  Time elapsed: 0 s  <<< ERROR!
java.lang.IllegalStateException: Failed to load ApplicationContext
Caused by: org.springframework.beans.factory.BeanCreationException: 
Error creating bean with name 'requestMappingHandlerMapping' defined in class path resource [org/springframework/boot/autoconfigure/web/servlet/WebMvcAutoConfiguration$EnableWebMvcConfiguration.class]: Invocation of init method failed; nested exception is java.lang.IllegalStateException: Ambiguous mapping. Cannot map 'ordersController' method 
com.example.controller.OrdersController#selectAllUnAccept(Orders)
to {GET [/orders/selectAll]}: There is already 'ordersController' bean method
com.example.controller.OrdersController#selectAll(Orders) mapped.
Caused by: java.lang.IllegalStateException: 
Ambiguous mapping. Cannot map 'ordersController' method 
com.example.controller.OrdersController#selectAllUnAccept(Orders)
to {GET [/orders/selectAll]}: There is already 'ordersController' bean method
com.example.controller.OrdersController#selectAll(Orders) mapped.

CheckBalance  Time elapsed: 0 s  <<< ERROR!
java.lang.IllegalStateException: Failed to load ApplicationContext
Caused by: org.springframework.beans.factory.BeanCreationException: 
Error creating bean with name 'requestMappingHandlerMapping' defined in class path resource [org/springframework/boot/autoconfigure/web/servlet/WebMvcAutoConfiguration$EnableWebMvcConfiguration.class]: Invocation of init method failed; nested exception is java.lang.IllegalStateException: Ambiguous mapping. Cannot map 'ordersController' method 
com.example.controller.OrdersController#selectAllUnAccept(Orders)
to {GET [/orders/selectAll]}: There is already 'ordersController' bean method
com.example.controller.OrdersController#selectAll(Orders) mapped.
Caused by: java.lang.IllegalStateException: 
Ambiguous mapping. Cannot map 'ordersController' method 
com.example.controller.OrdersController#selectAllUnAccept(Orders)
to {GET [/orders/selectAll]}: There is already 'ordersController' bean method
com.example.controller.OrdersController#selectAll(Orders) mapped.

test  Time elapsed: 0 s  <<< ERROR!
java.lang.IllegalStateException: Failed to load ApplicationContext
Caused by: org.springframework.beans.factory.BeanCreationException: 
Error creating bean with name 'requestMappingHandlerMapping' defined in class path resource [org/springframework/boot/autoconfigure/web/servlet/WebMvcAutoConfiguration$EnableWebMvcConfiguration.class]: Invocation of init method failed; nested exception is java.lang.IllegalStateException: Ambiguous mapping. Cannot map 'ordersController' method 
com.example.controller.OrdersController#selectAllUnAccept(Orders)
to {GET [/orders/selectAll]}: There is already 'ordersController' bean method
com.example.controller.OrdersController#selectAll(Orders) mapped.
Caused by: java.lang.IllegalStateException: 
Ambiguous mapping. Cannot map 'ordersController' method 
com.example.controller.OrdersController#selectAllUnAccept(Orders)
to {GET [/orders/selectAll]}: There is already 'ordersController' bean method
com.example.controller.OrdersController#selectAll(Orders) mapped.

getwallent  Time elapsed: 0 s  <<< ERROR!
java.lang.IllegalStateException: Failed to load ApplicationContext
Caused by: org.springframework.beans.factory.BeanCreationException: 
Error creating bean with name 'requestMappingHandlerMapping' defined in class path resource [org/springframework/boot/autoconfigure/web/servlet/WebMvcAutoConfiguration$EnableWebMvcConfiguration.class]: Invocation of init method failed; nested exception is java.lang.IllegalStateException: Ambiguous mapping. Cannot map 'ordersController' method 
com.example.controller.OrdersController#selectAllUnAccept(Orders)
to {GET [/orders/selectAll]}: There is already 'ordersController' bean method
com.example.controller.OrdersController#selectAll(Orders) mapped.
Caused by: java.lang.IllegalStateException: 
Ambiguous mapping. Cannot map 'ordersController' method 
com.example.controller.OrdersController#selectAllUnAccept(Orders)
to {GET [/orders/selectAll]}: There is already 'ordersController' bean method
com.example.controller.OrdersController#selectAll(Orders) mapped.

acceptOrder  Time elapsed: 0.001 s  <<< ERROR!
java.lang.IllegalStateException: Failed to load ApplicationContext
Caused by: org.springframework.beans.factory.BeanCreationException: 
Error creating bean with name 'requestMappingHandlerMapping' defined in class path resource [org/springframework/boot/autoconfigure/web/servlet/WebMvcAutoConfiguration$EnableWebMvcConfiguration.class]: Invocation of init method failed; nested exception is java.lang.IllegalStateException: Ambiguous mapping. Cannot map 'ordersController' method 
com.example.controller.OrdersController#selectAllUnAccept(Orders)
to {GET [/orders/selectAll]}: There is already 'ordersController' bean method
com.example.controller.OrdersController#selectAll(Orders) mapped.
Caused by: java.lang.IllegalStateException: 
Ambiguous mapping. Cannot map 'ordersController' method 
com.example.controller.OrdersController#selectAllUnAccept(Orders)
to {GET [/orders/selectAll]}: There is already 'ordersController' bean method
com.example.controller.OrdersController#selectAll(Orders) mapped.

initBalance  Time elapsed: 0 s  <<< ERROR!
java.lang.IllegalStateException: Failed to load ApplicationContext
Caused by: org.springframework.beans.factory.BeanCreationException: 
Error creating bean with name 'requestMappingHandlerMapping' defined in class path resource [org/springframework/boot/autoconfigure/web/servlet/WebMvcAutoConfiguration$EnableWebMvcConfiguration.class]: Invocation of init method failed; nested exception is java.lang.IllegalStateException: Ambiguous mapping. Cannot map 'ordersController' method 
com.example.controller.OrdersController#selectAllUnAccept(Orders)
to {GET [/orders/selectAll]}: There is already 'ordersController' bean method
com.example.controller.OrdersController#selectAll(Orders) mapped.
Caused by: java.lang.IllegalStateException: 
Ambiguous mapping. Cannot map 'ordersController' method 
com.example.controller.OrdersController#selectAllUnAccept(Orders)
to {GET [/orders/selectAll]}: There is already 'ordersController' bean method
com.example.controller.OrdersController#selectAll(Orders) mapped.

reviewOrder  Time elapsed: 0 s  <<< ERROR!
java.lang.IllegalStateException: Failed to load ApplicationContext
Caused by: org.springframework.beans.factory.BeanCreationException: 
Error creating bean with name 'requestMappingHandlerMapping' defined in class path resource [org/springframework/boot/autoconfigure/web/servlet/WebMvcAutoConfiguration$EnableWebMvcConfiguration.class]: Invocation of init method failed; nested exception is java.lang.IllegalStateException: Ambiguous mapping. Cannot map 'ordersController' method 
com.example.controller.OrdersController#selectAllUnAccept(Orders)
to {GET [/orders/selectAll]}: There is already 'ordersController' bean method
com.example.controller.OrdersController#selectAll(Orders) mapped.
Caused by: java.lang.IllegalStateException: 
Ambiguous mapping. Cannot map 'ordersController' method 
com.example.controller.OrdersController#selectAllUnAccept(Orders)
to {GET [/orders/selectAll]}: There is already 'ordersController' bean method
com.example.controller.OrdersController#selectAll(Orders) mapped.

getwallet  Time elapsed: 0 s  <<< ERROR!
java.lang.IllegalStateException: Failed to load ApplicationContext
Caused by: org.springframework.beans.factory.BeanCreationException: 
Error creating bean with name 'requestMappingHandlerMapping' defined in class path resource [org/springframework/boot/autoconfigure/web/servlet/WebMvcAutoConfiguration$EnableWebMvcConfiguration.class]: Invocation of init method failed; nested exception is java.lang.IllegalStateException: Ambiguous mapping. Cannot map 'ordersController' method 
com.example.controller.OrdersController#selectAllUnAccept(Orders)
to {GET [/orders/selectAll]}: There is already 'ordersController' bean method
com.example.controller.OrdersController#selectAll(Orders) mapped.
Caused by: java.lang.IllegalStateException: 
Ambiguous mapping. Cannot map 'ordersController' method 
com.example.controller.OrdersController#selectAllUnAccept(Orders)
to {GET [/orders/selectAll]}: There is already 'ordersController' bean method
com.example.controller.OrdersController#selectAll(Orders) mapped.

getimage  Time elapsed: 0.001 s  <<< ERROR!
java.lang.IllegalStateException: Failed to load ApplicationContext
Caused by: org.springframework.beans.factory.BeanCreationException: 
Error creating bean with name 'requestMappingHandlerMapping' defined in class path resource [org/springframework/boot/autoconfigure/web/servlet/WebMvcAutoConfiguration$EnableWebMvcConfiguration.class]: Invocation of init method failed; nested exception is java.lang.IllegalStateException: Ambiguous mapping. Cannot map 'ordersController' method 
com.example.controller.OrdersController#selectAllUnAccept(Orders)
to {GET [/orders/selectAll]}: There is already 'ordersController' bean method
com.example.controller.OrdersController#selectAll(Orders) mapped.
Caused by: java.lang.IllegalStateException: 
Ambiguous mapping. Cannot map 'ordersController' method 
com.example.controller.OrdersController#selectAllUnAccept(Orders)
to {GET [/orders/selectAll]}: There is already 'ordersController' bean method
com.example.controller.OrdersController#selectAll(Orders) mapped.

